-------------------------------------------------------------------------------
Test set: examples.ExamplesTest
-------------------------------------------------------------------------------
Tests run: 1, Failures: 0, Errors: 1, Skipped: 0, Time elapsed: 0.726 s <<< FAILURE! - in examples.ExamplesTest
testParallel  Time elapsed: 0.717 s  <<< ERROR!
java.lang.RuntimeException: not found: GraphqlDemo.feature
	at examples.ExamplesTest.testParallel(ExamplesTest.java:17)

