<?xml version="1.0" encoding="UTF-8"?>
<testsuite xmlns:xsi="http://www.w3.org/2001/XMLSchema-instance" xsi:noNamespaceSchemaLocation="https://maven.apache.org/surefire/maven-surefire-plugin/xsd/surefire-test-report.xsd" name="examples.ExamplesTest" time="6.431" tests="1" errors="0" skipped="0" failures="1">
  <properties>
[...]
</properties>
  <testcase name="testParallel" classname="examples.ExamplesTest" time="6.424">
    <failure message="match failed: EQUALS&#10;  $ | not equal | actual has 4 more key(s) than expected - {&quot;per_page&quot;:6,&quot;total&quot;:12,&quot;page&quot;:1,&quot;total_pages&quot;:2} (MAP:MAP)&#10;  {&quot;per_page&quot;:6,&quot;total&quot;:12,&quot;data&quot;:[{&quot;color&quot;:&quot;#98B2D1&quot;,&quot;year&quot;:2000,&quot;name&quot;:&quot;cerulean&quot;,&quot;id&quot;:1,&quot;pantone_value&quot;:&quot;15-4020&quot;},{&quot;color&quot;:&quot;#C74375&quot;,&quot;year&quot;:2001,&quot;name&quot;:&quot;fuchsia rose&quot;,&quot;id&quot;:2,&quot;pantone_value&quot;:&quot;17-2031&quot;},{&quot;color&quot;:&quot;#BF1932&quot;,&quot;year&quot;:2002,&quot;name&quot;:&quot;true red&quot;,&quot;id&quot;:3,&quot;pantone_value&quot;:&quot;19-1664&quot;},{&quot;color&quot;:&quot;#7BC4C4&quot;,&quot;year&quot;:2003,&quot;name&quot;:&quot;aqua sky&quot;,&quot;id&quot;:4,&quot;pantone_value&quot;:&quot;14-4811&quot;},{&quot;color&quot;:&quot;#E2583E&quot;,&quot;year&quot;:2004,&quot;name&quot;:&quot;tigerlily&quot;,&quot;id&quot;:5,&quot;pantone_value&quot;:&quot;17-1456&quot;},{&quot;color&quot;:&quot;#53B0AE&quot;,&quot;year&quot;:2005,&quot;name&quot;:&quot;blue turquoise&quot;,&quot;id&quot;:6,&quot;pantone_value&quot;:&quot;15-5217&quot;}],&quot;page&quot;:1,&quot;total_pages&quot;:2,&quot;support&quot;:{&quot;text&quot;:&quot;To keep ReqRes free, contributions towards server costs are appreciated!&quot;,&quot;url&quot;:&quot;https://reqres.in/#support-heading&quot;}}&#10;  {&quot;data&quot;:{&quot;id&quot;:&quot;#number&quot;,&quot;email&quot;:&quot;#string&quot;,&quot;first_name&quot;:&quot;#string&quot;,&quot;last_name&quot;:&quot;#string&quot;,&quot;avatar&quot;:&quot;#string&quot;},&quot;support&quot;:{&quot;url&quot;:&quot;#string&quot;,&quot;text&quot;:&quot;#string&quot;}}&#10;&#10;&#10;classpath:examples/users/JsonSchema.feature:23&#10;no step-definition method match found for: def result =call read(&apos;CallOnce.feature@tag1&apos;)&#10;classpath:examples/users/CallOnce.feature:8&#10;match failed: EQUALS&#10;  $ | actual path does not exist (STRING:NUMBER)&#10;  &apos;#notpresent&apos;&#10;  2&#10;&#10;classpath:examples/users/GetCallMethod.feature:12&#10;&gt;&gt;&gt;&gt; js failed:&#10;01: PETCH&#10;&lt;&lt;&lt;&lt;&#10;org.graalvm.polyglot.PolyglotException: ReferenceError: &quot;PETCH&quot; is not defined&#10;- &lt;js&gt;.:program(Unnamed:1)&#10;&#10;classpath:examples/users/GetCallMethod.feature:41&#10;status code was: 405, expected: 201, response time in milliseconds: 986, url: https://filebin.net, response: &#10;&#10;classpath:examples/users/FileUpload.feature:10&#10;no step-definition method match found for: text query=&#10;classpath:examples/users/GraphqlDemo.feature:7 ==&gt; expected: &lt;0&gt; but was: &lt;6&gt;" type="org.opentest4j.AssertionFailedError"><![CDATA[org.opentest4j.AssertionFailedError: 
match failed: EQUALS
  $ | not equal | actual has 4 more key(s) than expected - {"per_page":6,"total":12,"page":1,"total_pages":2} (MAP:MAP)
  {"per_page":6,"total":12,"data":[{"color":"#98B2D1","year":2000,"name":"cerulean","id":1,"pantone_value":"15-4020"},{"color":"#C74375","year":2001,"name":"fuchsia rose","id":2,"pantone_value":"17-2031"},{"color":"#BF1932","year":2002,"name":"true red","id":3,"pantone_value":"19-1664"},{"color":"#7BC4C4","year":2003,"name":"aqua sky","id":4,"pantone_value":"14-4811"},{"color":"#E2583E","year":2004,"name":"tigerlily","id":5,"pantone_value":"17-1456"},{"color":"#53B0AE","year":2005,"name":"blue turquoise","id":6,"pantone_value":"15-5217"}],"page":1,"total_pages":2,"support":{"text":"To keep ReqRes free, contributions towards server costs are appreciated!","url":"https://reqres.in/#support-heading"}}
  {"data":{"id":"#number","email":"#string","first_name":"#string","last_name":"#string","avatar":"#string"},"support":{"url":"#string","text":"#string"}}


classpath:examples/users/JsonSchema.feature:23
no step-definition method match found for: def result =call read('CallOnce.feature@tag1')
classpath:examples/users/CallOnce.feature:8
match failed: EQUALS
  $ | actual path does not exist (STRING:NUMBER)
  '#notpresent'
  2

classpath:examples/users/GetCallMethod.feature:12
>>>> js failed:
01: PETCH
<<<<
org.graalvm.polyglot.PolyglotException: ReferenceError: "PETCH" is not defined
- <js>.:program(Unnamed:1)

classpath:examples/users/GetCallMethod.feature:41
status code was: 405, expected: 201, response time in milliseconds: 986, url: https://filebin.net, response: 

classpath:examples/users/FileUpload.feature:10
no step-definition method match found for: text query=
classpath:examples/users/GraphqlDemo.feature:7 ==> expected: <0> but was: <6>
	at examples.ExamplesTest.testParallel(ExamplesTest.java:18)
]]></failure>
    <system-out><![CDATA[17:39:37.986 [main] DEBUG com.intuit.karate.Suite - [config] classpath:karate-config.js
17:39:37.991 [main] INFO  com.intuit.karate.Suite - backed up existing 'target/karate-reports' dir to: target/karate-reports_1627646977991
17:39:37.999 [main] DEBUG com.intuit.karate.Suite - waiting for 6 features to complete
17:39:39.026 [pool-1-thread-4] INFO  com.intuit.karate - karate.env system property was: null 
17:39:39.026 [pool-1-thread-3] INFO  com.intuit.karate - karate.env system property was: null 
17:39:39.026 [pool-1-thread-1] INFO  com.intuit.karate - karate.env system property was: null 
17:39:39.026 [pool-1-thread-5] INFO  com.intuit.karate - karate.env system property was: null 
17:39:39.026 [pool-1-thread-2] INFO  com.intuit.karate - karate.env system property was: null 
17:39:39.119 [pool-1-thread-1] INFO  com.intuit.karate - [print] this is 1st test 
17:39:39.119 [pool-1-thread-2] INFO  com.intuit.karate - [print] this is second test 
17:39:39.127 [pool-1-thread-2] ERROR com.intuit.karate - classpath:examples/users/CallOnce.feature:8
* def result =call read('CallOnce.feature@tag1')
no step-definition method match found for: def result =call read('CallOnce.feature@tag1')
classpath:examples/users/CallOnce.feature:8
17:39:39.143 [pool-1-thread-2] INFO  com.intuit.karate - karate.env system property was: null 
17:39:39.143 [pool-1-thread-1] INFO  com.intuit.karate - karate.env system property was: null 
17:39:39.180 [pool-1-thread-1] ERROR com.intuit.karate - classpath:examples/users/GraphqlDemo.feature:7
Given text query=
"""
query{
jobs{
    id ,title
}
   }
"""
no step-definition method match found for: text query=
classpath:examples/users/GraphqlDemo.feature:7
17:39:39.218 [pool-1-thread-1] INFO  com.intuit.karate - karate.env system property was: null 
17:39:39.621 [pool-1-thread-1] DEBUG com.intuit.karate - request:
1 > GET https://jsonplaceholder.typicode.com/users
1 > Host: jsonplaceholder.typicode.com
1 > Connection: Keep-Alive
1 > User-Agent: Apache-HttpClient/4.5.13 (Java/11.0.11)
1 > Accept-Encoding: gzip,deflate


17:39:39.621 [pool-1-thread-4] DEBUG com.intuit.karate - request:
1 > GET https://reqres.in/api/users?id=2
1 > Host: reqres.in
1 > Connection: Keep-Alive
1 > User-Agent: Apache-HttpClient/4.5.13 (Java/11.0.11)
1 > Accept-Encoding: gzip,deflate


17:39:39.621 [pool-1-thread-2] DEBUG com.intuit.karate - request:
1 > GET https://reqres.in/api/2
1 > Host: reqres.in
1 > Connection: Keep-Alive
1 > User-Agent: Apache-HttpClient/4.5.13 (Java/11.0.11)
1 > Accept-Encoding: gzip,deflate


17:39:39.622 [pool-1-thread-3] DEBUG com.intuit.karate - request:
1 > POST https://filebin.net
1 > Content-type: image/png; charset=UTF-8
1 > Content-Length: 200729
1 > Host: filebin.net
1 > Connection: Keep-Alive
1 > User-Agent: Apache-HttpClient/4.5.13 (Java/11.0.11)
1 > Accept-Encoding: gzip,deflate


17:39:39.625 [pool-1-thread-5] DEBUG com.intuit.karate - request:
1 > POST https://reqres.in/api/users
1 > Content-Type: application/json; charset=UTF-8
1 > Content-Length: 27
1 > Host: reqres.in
1 > Connection: Keep-Alive
1 > User-Agent: Apache-HttpClient/4.5.13 (Java/11.0.11)
1 > Accept-Encoding: gzip,deflate
{"name":"Tilak","job":"QA"}

---------------------------------------------------------
feature: classpath:examples/users/CallOnce.feature
scenarios:  2 | passed:  1 | failed:  1 | time: 0.0071
---------------------------------------------------------

17:39:39.905 [pool-2-thread-1] INFO  com.intuit.karate.Suite - <<fail>> feature 1 of 6 (5 remaining) classpath:examples/users/CallOnce.feature
17:39:40.627 [pool-1-thread-2] DEBUG com.intuit.karate - response time in milliseconds: 994
1 < 200
1 < Date: Fri, 30 Jul 2021 12:09:40 GMT
1 < Content-Type: application/json; charset=utf-8
1 < Transfer-Encoding: chunked
1 < Connection: keep-alive
1 < x-powered-by: Express
1 < access-control-allow-origin: *
1 < etag: W/"2c1-N6Rqerxquq2kgQhL51EiSg4x0R8"
1 < via: 1.1 vegur
1 < Cache-Control: max-age=14400
1 < CF-Cache-Status: HIT
1 < Age: 5528
1 < Expect-CT: max-age=604800, report-uri="https://report-uri.cloudflare.com/cdn-cgi/beacon/expect-ct"
1 < Report-To: {"endpoints":[{"url":"https:\/\/a.nel.cloudflare.com\/report\/v3?s=1nGg9IvpZL4u4L%2F%2FZhnH5Y6xd4RgCzmLlffkOk9lqNqwr9obqoBMfpPpnCUrLde5RWYBC8Ie1p9V9qs1EoR7J%2BBWx36UFaQ7YZ7vJ66tWjYvPu0yvKHhvwC3yT8%3D"}],"group":"cf-nel","max_age":604800}
1 < NEL: {"report_to":"cf-nel","max_age":604800}
1 < Vary: Accept-Encoding
1 < Server: cloudflare
1 < CF-RAY: 676e7abd7f6e4b22-HYD
1 < alt-svc: h3-27=":443"; ma=86400, h3-28=":443"; ma=86400, h3-29=":443"; ma=86400, h3=":443"; ma=86400
{"per_page":6,"total":12,"data":[{"color":"#98B2D1","year":2000,"name":"cerulean","id":1,"pantone_value":"15-4020"},{"color":"#C74375","year":2001,"name":"fuchsia rose","id":2,"pantone_value":"17-2031"},{"color":"#BF1932","year":2002,"name":"true red","id":3,"pantone_value":"19-1664"},{"color":"#7BC4C4","year":2003,"name":"aqua sky","id":4,"pantone_value":"14-4811"},{"color":"#E2583E","year":2004,"name":"tigerlily","id":5,"pantone_value":"17-1456"},{"color":"#53B0AE","year":2005,"name":"blue turquoise","id":6,"pantone_value":"15-5217"}],"page":1,"total_pages":2,"support":{"text":"To keep ReqRes free, contributions towards server costs are appreciated!","url":"https:\/\/reqres.in\/#support-heading"}}
17:39:40.629 [pool-1-thread-1] DEBUG com.intuit.karate - response time in milliseconds: 1003
1 < 200
1 < Date: Fri, 30 Jul 2021 12:09:40 GMT
1 < Content-Type: application/json; charset=utf-8
1 < Transfer-Encoding: chunked
1 < Connection: keep-alive
1 < X-Powered-By: Express
1 < X-Ratelimit-Limit: 1000
1 < X-Ratelimit-Remaining: 999
1 < X-Ratelimit-Reset: 1626298063
1 < Vary: Origin, Accept-Encoding
1 < Access-Control-Allow-Credentials: true
1 < Cache-Control: max-age=43200
1 < Pragma: no-cache
1 < Expires: -1
1 < X-Content-Type-Options: nosniff
1 < Etag: W/"160d-1eMSsxeJRfnVLRBmYJSbCiJZ1qQ"
1 < Via: 1.1 vegur
1 < CF-Cache-Status: HIT
1 < Age: 7547
1 < Expect-CT: max-age=604800, report-uri="https://report-uri.cloudflare.com/cdn-cgi/beacon/expect-ct"
1 < Report-To: {"endpoints":[{"url":"https:\/\/a.nel.cloudflare.com\/report\/v3?s=UriokPs2gyfhMkQgg3M4LupbvXtHQiiNLZXMKQ5UGpEHVkYQWB%2FBwgIWdbKjTvmrqFBKEGS0WBXTE%2BYGr0RBJBDgulXIRy0wJrvB0NqcGIZEX6WJpSuQp2r9uRjojYZ7d4NdTn8uygJm08JL%2FPHf"}],"group":"cf-nel","max_age":604800}
1 < NEL: {"report_to":"cf-nel","max_age":604800}
1 < Server: cloudflare
1 < CF-RAY: 676e7abd79d34ae0-HYD
1 < alt-svc: h3-27=":443"; ma=86400, h3-28=":443"; ma=86400, h3-29=":443"; ma=86400, h3=":443"; ma=86400
[{"website":"hildegard.org","address":{"zipcode":"92998-3874","geo":{"lng":"81.1496","lat":"-37.3159"},"suite":"Apt. 556","city":"Gwenborough","street":"Kulas Light"},"phone":"1-770-736-8031 x56442","name":"Leanne Graham","company":{"bs":"harness real-time e-markets","catchPhrase":"Multi-layered client-server neural-net","name":"Romaguera-Crona"},"id":1,"email":"Sincere@april.biz","username":"Bret"},{"website":"anastasia.net","address":{"zipcode":"90566-7771","geo":{"lng":"-34.4618","lat":"-43.9509"},"suite":"Suite 879","city":"Wisokyburgh","street":"Victor Plains"},"phone":"010-692-6593 x09125","name":"Ervin Howell","company":{"bs":"synergize scalable supply-chains","catchPhrase":"Proactive didactic contingency","name":"Deckow-Crist"},"id":2,"email":"Shanna@melissa.tv","username":"Antonette"},{"website":"ramiro.info","address":{"zipcode":"59590-4157","geo":{"lng":"-47.0653","lat":"-68.6102"},"suite":"Suite 847","city":"McKenziehaven","street":"Douglas Extension"},"phone":"1-463-123-4447","name":"Clementine Bauch","company":{"bs":"e-enable strategic applications","catchPhrase":"Face to face bifurcated interface","name":"Romaguera-Jacobson"},"id":3,"email":"Nathan@yesenia.net","username":"Samantha"},{"website":"kale.biz","address":{"zipcode":"53919-4257","geo":{"lng":"-164.2990","lat":"29.4572"},"suite":"Apt. 692","city":"South Elvis","street":"Hoeger Mall"},"phone":"493-170-9623 x156","name":"Patricia Lebsack","company":{"bs":"transition cutting-edge web services","catchPhrase":"Multi-tiered zero tolerance productivity","name":"Robel-Corkery"},"id":4,"email":"Julianne.OConner@kory.org","username":"Karianne"},{"website":"demarco.info","address":{"zipcode":"33263","geo":{"lng":"62.5342","lat":"-31.8129"},"suite":"Suite 351","city":"Roscoeview","street":"Skiles Walks"},"phone":"(254)954-1289","name":"Chelsey Dietrich","company":{"bs":"revolutionize end-to-end systems","catchPhrase":"User-centric fault-tolerant solution","name":"Keebler LLC"},"id":5,"email":"Lucio_Hettinger@annie.ca","username":"Kamren"},{"website":"ola.org","address":{"zipcode":"23505-1337","geo":{"lng":"71.7478","lat":"-71.4197"},"suite":"Apt. 950","city":"South Christy","street":"Norberto Crossing"},"phone":"1-477-935-8478 x6430","name":"Mrs. Dennis Schulist","company":{"bs":"e-enable innovative applications","catchPhrase":"Synchronised bottom-line interface","name":"Considine-Lockman"},"id":6,"email":"Karley_Dach@jasper.info","username":"Leopoldo_Corkery"},{"website":"elvis.io","address":{"zipcode":"58804-1099","geo":{"lng":"21.8984","lat":"24.8918"},"suite":"Suite 280","city":"Howemouth","street":"Rex Trail"},"phone":"210.067.6132","name":"Kurtis Weissnat","company":{"bs":"generate enterprise e-tailers","catchPhrase":"Configurable multimedia task-force","name":"Johns Group"},"id":7,"email":"Telly.Hoeger@billy.biz","username":"Elwyn.Skiles"},{"website":"jacynthe.com","address":{"zipcode":"45169","geo":{"lng":"-120.7677","lat":"-14.3990"},"suite":"Suite 729","city":"Aliyaview","street":"Ellsworth Summit"},"phone":"586.493.6943 x140","name":"Nicholas Runolfsdottir V","company":{"bs":"e-enable extensible e-tailers","catchPhrase":"Implemented secondary concept","name":"Abernathy Group"},"id":8,"email":"Sherwood@rosamond.me","username":"Maxime_Nienow"},{"website":"conrad.com","address":{"zipcode":"76495-3109","geo":{"lng":"-168.8889","lat":"24.6463"},"suite":"Suite 449","city":"Bartholomebury","street":"Dayna Park"},"phone":"(775)976-6794 x41206","name":"Glenna Reichert","company":{"bs":"aggregate real-time technologies","catchPhrase":"Switchable contextually-based project","name":"Yost and Sons"},"id":9,"email":"Chaim_McDermott@dana.io","username":"Delphine"},{"website":"ambrose.net","address":{"zipcode":"31428-2261","geo":{"lng":"57.2232","lat":"-38.2386"},"suite":"Suite 198","city":"Lebsackbury","street":"Kattie Turnpike"},"phone":"024-648-3804","name":"Clementina DuBuque","company":{"bs":"target end-to-end models","catchPhrase":"Centralized empowering task-force","name":"Hoeger LLC"},"id":10,"email":"Rey.Padberg@karina.biz","username":"Moriah.Stanton"}]
17:39:40.639 [pool-1-thread-1] DEBUG com.intuit.karate - request:
2 > GET https://jsonplaceholder.typicode.com/users/1
2 > Host: jsonplaceholder.typicode.com
2 > Connection: Keep-Alive
2 > User-Agent: Apache-HttpClient/4.5.13 (Java/11.0.11)
2 > Accept-Encoding: gzip,deflate


17:39:40.644 [pool-1-thread-2] ERROR com.intuit.karate - classpath:examples/users/JsonSchema.feature:23
* match response ==jsonSchemaExpected
match failed: EQUALS
  $ | not equal | actual has 4 more key(s) than expected - {"per_page":6,"total":12,"page":1,"total_pages":2} (MAP:MAP)
  {"per_page":6,"total":12,"data":[{"color":"#98B2D1","year":2000,"name":"cerulean","id":1,"pantone_value":"15-4020"},{"color":"#C74375","year":2001,"name":"fuchsia rose","id":2,"pantone_value":"17-2031"},{"color":"#BF1932","year":2002,"name":"true red","id":3,"pantone_value":"19-1664"},{"color":"#7BC4C4","year":2003,"name":"aqua sky","id":4,"pantone_value":"14-4811"},{"color":"#E2583E","year":2004,"name":"tigerlily","id":5,"pantone_value":"17-1456"},{"color":"#53B0AE","year":2005,"name":"blue turquoise","id":6,"pantone_value":"15-5217"}],"page":1,"total_pages":2,"support":{"text":"To keep ReqRes free, contributions towards server costs are appreciated!","url":"https://reqres.in/#support-heading"}}
  {"data":{"id":"#number","email":"#string","first_name":"#string","last_name":"#string","avatar":"#string"},"support":{"url":"#string","text":"#string"}}


classpath:examples/users/JsonSchema.feature:23
17:39:40.652 [pool-1-thread-2] INFO  com.intuit.karate - karate.env system property was: null 
17:39:40.660 [pool-1-thread-2] DEBUG com.intuit.karate - request:
1 > POST https://jsonplaceholder.typicode.com/users
1 > Content-Type: application/json; charset=UTF-8
1 > Content-Length: 160
1 > Host: jsonplaceholder.typicode.com
1 > Connection: Keep-Alive
1 > User-Agent: Apache-HttpClient/4.5.13 (Java/11.0.11)
1 > Accept-Encoding: gzip,deflate
{"address":{"zipcode":"54321-6789","suite":"Apt. 123","city":"Electri","street":"Has No Name"},"name":"Test User","email":"test@user.com","username":"testuser"}

17:39:41.028 [pool-1-thread-4] DEBUG com.intuit.karate - response time in milliseconds: 1403
1 < 200
1 < Date: Fri, 30 Jul 2021 12:09:41 GMT
1 < Content-Type: application/json; charset=utf-8
1 < Transfer-Encoding: chunked
1 < Connection: keep-alive
1 < X-Powered-By: Express
1 < Access-Control-Allow-Origin: *
1 < Etag: W/"118-pbdwwFo9SKNhD3Lx5iHJyngpq00"
1 < Via: 1.1 vegur
1 < Cache-Control: max-age=14400
1 < CF-Cache-Status: REVALIDATED
1 < Expect-CT: max-age=604800, report-uri="https://report-uri.cloudflare.com/cdn-cgi/beacon/expect-ct"
1 < Report-To: {"endpoints":[{"url":"https:\/\/a.nel.cloudflare.com\/report\/v3?s=%2BvGbiuy6DAlw4Qo8bswotVC1288dUwTkqx0cx7Dtoq%2BsGjIjasdbedxifKJ65DTUX%2FYMRqRD7mqA8BjjHw8MIDvHly%2BeTF47SOA%2BBMhLruV2GEuIXbjTYBSZIbY%3D"}],"group":"cf-nel","max_age":604800}
1 < NEL: {"report_to":"cf-nel","max_age":604800}
1 < Vary: Accept-Encoding
1 < Server: cloudflare
1 < CF-RAY: 676e7abd7a9a4af9-HYD
1 < alt-svc: h3-27=":443"; ma=86400, h3-28=":443"; ma=86400, h3-29=":443"; ma=86400, h3=":443"; ma=86400
{"data":{"last_name":"Weaver","id":2,"avatar":"https:\/\/reqres.in\/img\/faces\/2-image.jpg","first_name":"Janet","email":"janet.weaver@reqres.in"},"support":{"text":"To keep ReqRes free, contributions towards server costs are appreciated!","url":"https:\/\/reqres.in\/#support-heading"}}
17:39:41.048 [pool-1-thread-1] DEBUG com.intuit.karate - response time in milliseconds: 405
2 < 200
2 < Date: Fri, 30 Jul 2021 12:09:41 GMT
2 < Content-Type: application/json; charset=utf-8
2 < Transfer-Encoding: chunked
2 < Connection: keep-alive
2 < X-Powered-By: Express
2 < X-Ratelimit-Limit: 1000
2 < X-Ratelimit-Remaining: 999
2 < X-Ratelimit-Reset: 1626238363
2 < Vary: Origin, Accept-Encoding
2 < Access-Control-Allow-Credentials: true
2 < Cache-Control: max-age=43200
2 < Pragma: no-cache
2 < Expires: -1
2 < X-Content-Type-Options: nosniff
2 < Etag: W/"1fd-+2Y3G3w049iSZtw5t1mzSnunngE"
2 < Via: 1.1 vegur
2 < CF-Cache-Status: HIT
2 < Age: 5209
2 < Expect-CT: max-age=604800, report-uri="https://report-uri.cloudflare.com/cdn-cgi/beacon/expect-ct"
2 < Report-To: {"endpoints":[{"url":"https:\/\/a.nel.cloudflare.com\/report\/v3?s=cWcdbSW4yXmi8CDoB8TMyATkC5w8sD%2FMV0BliXpU6pXj1RtK8KsrpeDjueyGXeogrvIZut1JcKv4BOYBUZnWDVEvOofQsJ9Dk01An6x%2BGC%2B7fyvGV7pZzPkUGkAP2fBnqcliVGynkTnwavsg3w3P"}],"group":"cf-nel","max_age":604800}
2 < NEL: {"report_to":"cf-nel","max_age":604800}
2 < Server: cloudflare
2 < CF-RAY: 676e7ac018cf4ae6-HYD
2 < alt-svc: h3-27=":443"; ma=86400, h3-28=":443"; ma=86400, h3-29=":443"; ma=86400, h3=":443"; ma=86400
{"website":"hildegard.org","address":{"zipcode":"92998-3874","geo":{"lng":"81.1496","lat":"-37.3159"},"suite":"Apt. 556","city":"Gwenborough","street":"Kulas Light"},"phone":"1-770-736-8031 x56442","name":"Leanne Graham","company":{"bs":"harness real-time e-markets","catchPhrase":"Multi-layered client-server neural-net","name":"Romaguera-Crona"},"id":1,"email":"Sincere@april.biz","username":"Bret"}
17:39:41.048 [pool-1-thread-4] ERROR com.intuit.karate - classpath:examples/users/GetCallMethod.feature:12
Then match response.page == 2
match failed: EQUALS
  $ | actual path does not exist (STRING:NUMBER)
  '#notpresent'
  2

classpath:examples/users/GetCallMethod.feature:12
17:39:41.053 [pool-1-thread-5] DEBUG com.intuit.karate - response time in milliseconds: 1421
1 < 201
1 < Date: Fri, 30 Jul 2021 12:09:41 GMT
1 < Content-Type: application/json; charset=utf-8
1 < Content-Length: 77
1 < Connection: keep-alive
1 < X-Powered-By: Express
1 < Access-Control-Allow-Origin: *
1 < Etag: W/"4d-ynj5Q9Lz2ZOcmsH2puH2Zbdsxfw"
1 < Via: 1.1 vegur
1 < CF-Cache-Status: DYNAMIC
1 < Expect-CT: max-age=604800, report-uri="https://report-uri.cloudflare.com/cdn-cgi/beacon/expect-ct"
1 < Report-To: {"endpoints":[{"url":"https:\/\/a.nel.cloudflare.com\/report\/v3?s=oF%2FHowt8g6qylaimKobXZwJKJKfcM%2F1%2FY8YZA0%2FY7wAb4InWzDSWF%2BoBSSS1BexTy3Hogd1IuimrieOG6FFWAvAOq6p7g4QzxjrBbh5Mo9aALk4tcN4gWWVA7u0%3D"}],"group":"cf-nel","max_age":604800}
1 < NEL: {"report_to":"cf-nel","max_age":604800}
1 < Server: cloudflare
1 < CF-RAY: 676e7abd7c2c4adb-HYD
1 < alt-svc: h3-27=":443"; ma=86400, h3-28=":443"; ma=86400, h3-29=":443"; ma=86400, h3=":443"; ma=86400
{"createdAt":"2021-07-30T12:09:41.072Z","name":"Tilak","id":"997","job":"QA"}
17:39:41.085 [pool-1-thread-5] DEBUG com.intuit.karate - request:
2 > GET https://reqres.in/api/users/997
2 > Host: reqres.in
2 > Connection: Keep-Alive
2 > User-Agent: Apache-HttpClient/4.5.13 (Java/11.0.11)
2 > Accept-Encoding: gzip,deflate


17:39:41.602 [pool-1-thread-2] DEBUG com.intuit.karate - response time in milliseconds: 940
1 < 201
1 < Date: Fri, 30 Jul 2021 12:09:41 GMT
1 < Content-Type: application/json; charset=utf-8
1 < Content-Length: 216
1 < Connection: keep-alive
1 < x-powered-by: Express
1 < x-ratelimit-limit: 1000
1 < x-ratelimit-remaining: 999
1 < x-ratelimit-reset: 1627647002
1 < vary: Origin, X-HTTP-Method-Override, Accept-Encoding
1 < access-control-allow-credentials: true
1 < cache-control: no-cache
1 < pragma: no-cache
1 < expires: -1
1 < access-control-expose-headers: Location
1 < location: http://jsonplaceholder.typicode.com/users/11
1 < x-content-type-options: nosniff
1 < etag: W/"d8-pYV7+YuMGP2hxHPU9ARrf97ifDA"
1 < via: 1.1 vegur
1 < CF-Cache-Status: DYNAMIC
1 < Expect-CT: max-age=604800, report-uri="https://report-uri.cloudflare.com/cdn-cgi/beacon/expect-ct"
1 < Report-To: {"endpoints":[{"url":"https:\/\/a.nel.cloudflare.com\/report\/v3?s=sh4dK%2BdW%2F22keZBrkU%2FXMXwcoA0G7OXGfBtQlRWZH4kjmx1TvR1Q%2F1I7M%2Bruu3tSUKchhkEVtkGnBKcFU4Jv4u5ImbmZQ0B7W%2Bu9%2FMQtxfOaZSQhSSBZrq6YgSF5MD7mTh8u9wpQHq5g6ciu%2BOAx"}],"group":"cf-nel","max_age":604800}
1 < NEL: {"report_to":"cf-nel","max_age":604800}
1 < Server: cloudflare
1 < CF-RAY: 676e7ac008a64ae6-HYD
1 < alt-svc: h3-27=":443"; ma=86400, h3-28=":443"; ma=86400, h3-29=":443"; ma=86400, h3=":443"; ma=86400
{"address":{"zipcode":"54321-6789","suite":"Apt. 123","city":"Electri","street":"Has No Name"},"name":"Test User","id":11,"email":"test@user.com","username":"testuser"}
17:39:41.621 [pool-1-thread-2] INFO  com.intuit.karate - [print] created id is:  11 
17:39:41.665 [pool-1-thread-5] DEBUG com.intuit.karate - response time in milliseconds: 576
2 < 404
2 < Date: Fri, 30 Jul 2021 12:09:41 GMT
2 < Content-Type: application/json; charset=utf-8
2 < Content-Length: 2
2 < Connection: keep-alive
2 < X-Powered-By: Express
2 < Access-Control-Allow-Origin: *
2 < Etag: W/"2-vyGp6PvFo4RvsFtPoIWeCReyIC8"
2 < Via: 1.1 vegur
2 < Cache-Control: max-age=14400
2 < CF-Cache-Status: MISS
2 < Expect-CT: max-age=604800, report-uri="https://report-uri.cloudflare.com/cdn-cgi/beacon/expect-ct"
2 < Report-To: {"endpoints":[{"url":"https:\/\/a.nel.cloudflare.com\/report\/v3?s=lxY%2FYPUF4jvmxbssd73%2FXO5zNdersapNku%2FhqL8s9zvszK3TP%2Bo05cfrihgReNK%2FRruusHobV2%2FhT8sI01GrVvQrsDbZa5EHA6FbhLw9nQq4lBSMei2HSEuBFGA%3D"}],"group":"cf-nel","max_age":604800}
2 < NEL: {"report_to":"cf-nel","max_age":604800}
2 < Vary: Accept-Encoding
2 < Server: cloudflare
2 < CF-RAY: 676e7ac1da564aec-HYD
2 < alt-svc: h3-27=":443"; ma=86400, h3-28=":443"; ma=86400, h3-29=":443"; ma=86400, h3=":443"; ma=86400
{}
17:39:41.723 [pool-1-thread-5] ERROR com.intuit.karate - classpath:examples/users/GetCallMethod.feature:41
When method PETCH
>>>> js failed:
01: PETCH
<<<<
org.graalvm.polyglot.PolyglotException: ReferenceError: "PETCH" is not defined
- <js>.:program(Unnamed:1)

classpath:examples/users/GetCallMethod.feature:41
17:39:41.808 [pool-1-thread-3] DEBUG com.intuit.karate - request:
2 > POST https://filebin.net
2 > Content-type: image/png; charset=UTF-8
2 > Content-Length: 200729
2 > Host: filebin.net
2 > Connection: Keep-Alive
2 > User-Agent: Apache-HttpClient/4.5.13 (Java/11.0.11)
2 > Accept-Encoding: gzip,deflate


17:39:42.794 [pool-1-thread-3] DEBUG com.intuit.karate - response time in milliseconds: 986
2 < 405
2 < Vary: Accept-Encoding
2 < Date: Fri, 30 Jul 2021 12:09:42 GMT
2 < X-Varnish: 2890983
2 < Age: 0
2 < Via: 1.1 varnish (Varnish/6.0)
2 < Connection: keep-alive

17:39:42.796 [pool-1-thread-3] ERROR com.intuit.karate - classpath:examples/users/FileUpload.feature:10
Then status 201
status code was: 405, expected: 201, response time in milliseconds: 986, url: https://filebin.net, response: 

classpath:examples/users/FileUpload.feature:10
---------------------------------------------------------
feature: classpath:examples/users/FileUpload.feature
scenarios:  1 | passed:  0 | failed:  1 | time: 3.6695
---------------------------------------------------------

17:39:42.962 [pool-2-thread-1] INFO  com.intuit.karate.Suite - <<fail>> feature 2 of 6 (4 remaining) classpath:examples/users/FileUpload.feature
---------------------------------------------------------
feature: classpath:examples/users/GetCallMethod.feature
scenarios:  2 | passed:  0 | failed:  2 | time: 4.5135
---------------------------------------------------------

17:39:43.096 [pool-2-thread-1] INFO  com.intuit.karate.Suite - <<fail>> feature 3 of 6 (3 remaining) classpath:examples/users/GetCallMethod.feature
---------------------------------------------------------
feature: classpath:examples/users/GraphqlDemo.feature
scenarios:  1 | passed:  0 | failed:  1 | time: 0.0176
---------------------------------------------------------

17:39:43.148 [pool-2-thread-1] INFO  com.intuit.karate.Suite - <<fail>> feature 4 of 6 (2 remaining) classpath:examples/users/GraphqlDemo.feature
---------------------------------------------------------
feature: classpath:examples/users/JsonSchema.feature
scenarios:  1 | passed:  0 | failed:  1 | time: 1.4959
---------------------------------------------------------

17:39:43.207 [pool-2-thread-1] INFO  com.intuit.karate.Suite - <<fail>> feature 5 of 6 (1 remaining) classpath:examples/users/JsonSchema.feature
---------------------------------------------------------
feature: classpath:examples/users/users.feature
scenarios:  2 | passed:  2 | failed:  0 | time: 2.7959
---------------------------------------------------------

17:39:43.309 [pool-2-thread-1] INFO  com.intuit.karate.Suite - <<pass>> feature 6 of 6 (0 remaining) classpath:examples/users/users.feature
Karate version: 1.0.1
======================================================
elapsed:   5.91 | threads:    5 | thread time: 12.50 
features:     6 | skipped:    0 | efficiency: 0.42
scenarios:    9 | passed:     3 | failed: 6
======================================================
>>> failed features:
match failed: EQUALS
  $ | not equal | actual has 4 more key(s) than expected - {"per_page":6,"total":12,"page":1,"total_pages":2} (MAP:MAP)
  {"per_page":6,"total":12,"data":[{"color":"#98B2D1","year":2000,"name":"cerulean","id":1,"pantone_value":"15-4020"},{"color":"#C74375","year":2001,"name":"fuchsia rose","id":2,"pantone_value":"17-2031"},{"color":"#BF1932","year":2002,"name":"true red","id":3,"pantone_value":"19-1664"},{"color":"#7BC4C4","year":2003,"name":"aqua sky","id":4,"pantone_value":"14-4811"},{"color":"#E2583E","year":2004,"name":"tigerlily","id":5,"pantone_value":"17-1456"},{"color":"#53B0AE","year":2005,"name":"blue turquoise","id":6,"pantone_value":"15-5217"}],"page":1,"total_pages":2,"support":{"text":"To keep ReqRes free, contributions towards server costs are appreciated!","url":"https://reqres.in/#support-heading"}}
  {"data":{"id":"#number","email":"#string","first_name":"#string","last_name":"#string","avatar":"#string"},"support":{"url":"#string","text":"#string"}}


classpath:examples/users/JsonSchema.feature:23
no step-definition method match found for: def result =call read('CallOnce.feature@tag1')
classpath:examples/users/CallOnce.feature:8
match failed: EQUALS
  $ | actual path does not exist (STRING:NUMBER)
  '#notpresent'
  2

classpath:examples/users/GetCallMethod.feature:12
>>>> js failed:
01: PETCH
<<<<
org.graalvm.polyglot.PolyglotException: ReferenceError: "PETCH" is not defined
- <js>.:program(Unnamed:1)

classpath:examples/users/GetCallMethod.feature:41
status code was: 405, expected: 201, response time in milliseconds: 986, url: https://filebin.net, response: 

classpath:examples/users/FileUpload.feature:10
no step-definition method match found for: text query=
classpath:examples/users/GraphqlDemo.feature:7
<<<

HTML report: (paste into browser to view) | Karate version: 1.0.1
file:///home/tilan/Documents/Karate/myproject/target/karate-reports/karate-summary.html
===================================================================

]]></system-out>
  </testcase>
</testsuite>